Started GET "/" for 127.0.0.1 at 2019-05-08 09:31:13 -0400
Processing by KeyboardDemosController#demo1 as HTML
  Rendering keyboard_demos/demo1.html.erb within layouts/application
  Rendered keyboard_demos/demo1.html.erb within layouts/application (3.9ms)
Completed 200 OK in 3170ms (Views: 3142.3ms | ActiveRecord: 0.0ms)


Started GET "/" for 127.0.0.1 at 2019-05-08 09:54:44 -0400
Processing by KeyboardDemosController#demo1 as HTML
  Rendering keyboard_demos/demo1.html.erb within layouts/application
  Rendered keyboard_demos/demo1.html.erb within layouts/application (18.0ms)
Completed 200 OK in 808ms (Views: 661.0ms | ActiveRecord: 0.0ms)


Started GET "/" for 127.0.0.1 at 2019-05-08 09:57:12 -0400
Processing by KeyboardDemosController#demo1 as HTML
  Rendering keyboard_demos/demo1.html.erb within layouts/application
  Rendered keyboard_demos/demo1.html.erb within layouts/application (0.7ms)
Completed 200 OK in 99ms (Views: 97.3ms | ActiveRecord: 0.0ms)


Started GET "/" for 127.0.0.1 at 2019-05-08 09:58:16 -0400
Processing by KeyboardDemosController#demo1 as HTML
  Rendering keyboard_demos/demo1.html.erb within layouts/application
  Rendered keyboard_demos/demo1.html.erb within layouts/application (1.0ms)
Completed 200 OK in 118ms (Views: 116.4ms | ActiveRecord: 0.0ms)


Started GET "/" for 127.0.0.1 at 2019-05-08 09:58:31 -0400
Processing by KeyboardDemosController#demo1 as HTML
  Rendering keyboard_demos/demo1.html.erb within layouts/application
  Rendered keyboard_demos/demo1.html.erb within layouts/application (0.7ms)
Completed 200 OK in 35ms (Views: 32.5ms | ActiveRecord: 0.0ms)


Started GET "/" for 127.0.0.1 at 2019-05-08 09:59:08 -0400
Processing by KeyboardDemosController#demo1 as HTML
  Rendering keyboard_demos/demo1.html.erb within layouts/application
  Rendered keyboard_demos/demo1.html.erb within layouts/application (0.6ms)
Completed 200 OK in 53ms (Views: 50.9ms | ActiveRecord: 0.0ms)


Started GET "/" for 127.0.0.1 at 2019-05-08 09:59:16 -0400
Processing by KeyboardDemosController#demo1 as HTML
  Rendering keyboard_demos/demo1.html.erb within layouts/application
  Rendered keyboard_demos/demo1.html.erb within layouts/application (0.5ms)
Completed 200 OK in 46ms (Views: 44.9ms | ActiveRecord: 0.0ms)


Started GET "/" for 127.0.0.1 at 2019-05-08 09:59:35 -0400
Processing by KeyboardDemosController#demo1 as HTML
  Rendering keyboard_demos/demo1.html.erb within layouts/application
  Rendered keyboard_demos/demo1.html.erb within layouts/application (0.7ms)
Completed 200 OK in 192ms (Views: 190.8ms | ActiveRecord: 0.0ms)


Started GET "/" for 127.0.0.1 at 2019-05-08 09:59:56 -0400
Processing by KeyboardDemosController#demo1 as HTML
  Rendering keyboard_demos/demo1.html.erb within layouts/application
  Rendered keyboard_demos/demo1.html.erb within layouts/application (0.7ms)
Completed 200 OK in 65ms (Views: 63.4ms | ActiveRecord: 0.0ms)


Started GET "/" for 127.0.0.1 at 2019-05-08 10:00:26 -0400
Processing by KeyboardDemosController#demo1 as HTML
  Rendering keyboard_demos/demo1.html.erb within layouts/application
  Rendered keyboard_demos/demo1.html.erb within layouts/application (0.5ms)
Completed 200 OK in 47ms (Views: 45.3ms | ActiveRecord: 0.0ms)


Started GET "/" for 127.0.0.1 at 2019-05-08 10:00:44 -0400
Processing by KeyboardDemosController#demo1 as HTML
  Rendering keyboard_demos/demo1.html.erb within layouts/application
  Rendered keyboard_demos/demo1.html.erb within layouts/application (0.6ms)
Completed 200 OK in 58ms (Views: 55.9ms | ActiveRecord: 0.0ms)


Started GET "/" for 127.0.0.1 at 2019-05-08 10:35:35 -0400
Processing by KeyboardDemosController#demo1 as HTML
  Rendering keyboard_demos/demo1.html.erb within layouts/application
  Rendered keyboard_demos/demo1.html.erb within layouts/application (120.2ms)
Completed 200 OK in 1258ms (Views: 1124.4ms | ActiveRecord: 0.0ms)


Started GET "/" for 127.0.0.1 at 2019-05-08 10:54:29 -0400
Processing by KeyboardDemosController#demo1 as HTML
  Rendering keyboard_demos/demo1.html.erb within layouts/application
  Rendered keyboard_demos/demo1.html.erb within layouts/application (44.1ms)
Completed 200 OK in 1993ms (Views: 1990.8ms | ActiveRecord: 0.0ms)


Started GET "/" for 127.0.0.1 at 2019-05-08 10:55:08 -0400
Processing by KeyboardDemosController#demo1 as HTML
  Rendering keyboard_demos/demo1.html.erb within layouts/application
  Rendered keyboard_demos/demo1.html.erb within layouts/application (29.5ms)
Completed 200 OK in 156ms (Views: 130.9ms | ActiveRecord: 0.0ms)


Started GET "/" for 127.0.0.1 at 2019-05-08 10:55:51 -0400
Processing by KeyboardDemosController#demo1 as HTML
  Rendering keyboard_demos/demo1.html.erb within layouts/application
  Rendered keyboard_demos/demo1.html.erb within layouts/application (13.7ms)
Completed 200 OK in 51ms (Views: 49.4ms | ActiveRecord: 0.0ms)


Started GET "/" for 127.0.0.1 at 2019-05-08 10:56:15 -0400
Processing by KeyboardDemosController#demo1 as HTML
  Rendering keyboard_demos/demo1.html.erb within layouts/application
  Rendered keyboard_demos/demo1.html.erb within layouts/application (5.0ms)
Completed 200 OK in 117ms (Views: 115.0ms | ActiveRecord: 0.0ms)


Started GET "/" for 127.0.0.1 at 2019-05-08 11:10:53 -0400
Processing by KeyboardDemosController#demo1 as HTML
  Rendering keyboard_demos/demo1.html.erb within layouts/application
  Rendered keyboard_demos/demo1.html.erb within layouts/application (0.6ms)
Completed 200 OK in 259ms (Views: 257.5ms | ActiveRecord: 0.0ms)


Started GET "/" for 127.0.0.1 at 2019-05-08 11:13:11 -0400
Processing by KeyboardDemosController#demo1 as HTML
  Rendering keyboard_demos/demo1.html.erb within layouts/application
  Rendered keyboard_demos/demo1.html.erb within layouts/application (52.1ms)
Completed 200 OK in 1143ms (Views: 1140.9ms | ActiveRecord: 0.0ms)


Started GET "/" for 127.0.0.1 at 2019-05-08 11:13:26 -0400
Processing by KeyboardDemosController#demo1 as HTML
  Rendering keyboard_demos/demo1.html.erb within layouts/application
  Rendered keyboard_demos/demo1.html.erb within layouts/application (14.9ms)
Completed 200 OK in 188ms (Views: 185.9ms | ActiveRecord: 0.0ms)


Started GET "/" for 127.0.0.1 at 2019-05-08 11:16:29 -0400
Processing by KeyboardDemosController#demo1 as HTML
  Rendering keyboard_demos/demo1.html.erb within layouts/application
  Rendered keyboard_demos/demo1.html.erb within layouts/application (19.4ms)
Completed 200 OK in 571ms (Views: 561.9ms | ActiveRecord: 0.0ms)


Started GET "/" for 127.0.0.1 at 2019-05-08 11:17:16 -0400
Processing by KeyboardDemosController#demo1 as HTML
  Rendering keyboard_demos/demo1.html.erb within layouts/application
  Rendered keyboard_demos/demo1.html.erb within layouts/application (0.9ms)
Completed 200 OK in 276ms (Views: 178.0ms | ActiveRecord: 0.0ms)


Started GET "/" for 127.0.0.1 at 2019-05-08 11:18:30 -0400
Processing by KeyboardDemosController#demo1 as HTML
  Rendering keyboard_demos/demo1.html.erb within layouts/application
  Rendered keyboard_demos/demo1.html.erb within layouts/application (20.6ms)
Completed 200 OK in 611ms (Views: 584.5ms | ActiveRecord: 0.0ms)


Started GET "/" for 127.0.0.1 at 2019-05-08 11:21:48 -0400
Processing by KeyboardDemosController#demo1 as HTML
  Rendering keyboard_demos/demo1.html.erb within layouts/application
  Rendered keyboard_demos/demo1.html.erb within layouts/application (0.6ms)
Completed 200 OK in 236ms (Views: 219.9ms | ActiveRecord: 0.0ms)


Started GET "/" for 127.0.0.1 at 2019-05-08 11:22:26 -0400
Processing by KeyboardDemosController#demo1 as HTML
  Rendering keyboard_demos/demo1.html.erb within layouts/application
  Rendered keyboard_demos/demo1.html.erb within layouts/application (0.5ms)
Completed 200 OK in 48ms (Views: 46.8ms | ActiveRecord: 0.0ms)


Started GET "/" for 127.0.0.1 at 2019-05-08 11:23:04 -0400
Processing by KeyboardDemosController#demo1 as HTML
  Rendering keyboard_demos/demo1.html.erb within layouts/application
  Rendered keyboard_demos/demo1.html.erb within layouts/application (0.5ms)
Completed 200 OK in 49ms (Views: 47.1ms | ActiveRecord: 0.0ms)


Started GET "/" for 127.0.0.1 at 2019-05-08 12:28:05 -0400
Processing by KeyboardDemosController#demo1 as HTML
  Rendering keyboard_demos/demo1.html.erb within layouts/application
  Rendered keyboard_demos/demo1.html.erb within layouts/application (40.7ms)
Completed 200 OK in 2501ms (Views: 2486.9ms | ActiveRecord: 0.0ms)


Started GET "/" for 127.0.0.1 at 2019-05-08 12:29:32 -0400
Processing by KeyboardDemosController#demo1 as HTML
  Rendering keyboard_demos/demo1.html.erb within layouts/application
  Rendered keyboard_demos/demo1.html.erb within layouts/application (0.8ms)
Completed 200 OK in 161ms (Views: 159.1ms | ActiveRecord: 0.0ms)


Started GET "/" for 127.0.0.1 at 2019-05-08 12:30:35 -0400
Processing by KeyboardDemosController#demo1 as HTML
  Rendering keyboard_demos/demo1.html.erb within layouts/application
  Rendered keyboard_demos/demo1.html.erb within layouts/application (0.8ms)
Completed 200 OK in 220ms (Views: 217.0ms | ActiveRecord: 0.0ms)


Started GET "/" for 127.0.0.1 at 2019-05-08 12:31:12 -0400
Processing by KeyboardDemosController#demo1 as HTML
  Rendering keyboard_demos/demo1.html.erb within layouts/application
  Rendered keyboard_demos/demo1.html.erb within layouts/application (1.2ms)
Completed 200 OK in 146ms (Views: 143.3ms | ActiveRecord: 0.0ms)


Started GET "/" for 127.0.0.1 at 2019-05-08 12:32:02 -0400
Processing by KeyboardDemosController#demo1 as HTML
  Rendering keyboard_demos/demo1.html.erb within layouts/application
  Rendered keyboard_demos/demo1.html.erb within layouts/application (0.9ms)
Completed 200 OK in 63ms (Views: 61.0ms | ActiveRecord: 0.0ms)


Started GET "/" for 127.0.0.1 at 2019-05-08 12:32:37 -0400
Processing by KeyboardDemosController#demo1 as HTML
  Rendering keyboard_demos/demo1.html.erb within layouts/application
  Rendered keyboard_demos/demo1.html.erb within layouts/application (1.0ms)
Completed 200 OK in 219ms (Views: 217.0ms | ActiveRecord: 0.0ms)


Started GET "/" for 127.0.0.1 at 2019-05-08 12:33:07 -0400
Processing by KeyboardDemosController#demo1 as HTML
  Rendering keyboard_demos/demo1.html.erb within layouts/application
  Rendered keyboard_demos/demo1.html.erb within layouts/application (1.4ms)
Completed 200 OK in 314ms (Views: 310.9ms | ActiveRecord: 0.0ms)


Started GET "/" for 127.0.0.1 at 2019-05-08 14:04:11 -0400
Processing by KeyboardDemosController#demo1 as HTML
  Rendering keyboard_demos/demo1.html.erb within layouts/application
  Rendered keyboard_demos/demo1.html.erb within layouts/application (0.5ms)
Completed 200 OK in 314ms (Views: 313.1ms | ActiveRecord: 0.0ms)


Started GET "/" for 127.0.0.1 at 2019-05-08 14:04:26 -0400
Processing by KeyboardDemosController#demo1 as HTML
  Rendering keyboard_demos/demo1.html.erb within layouts/application
  Rendered keyboard_demos/demo1.html.erb within layouts/application (0.6ms)
Completed 200 OK in 478ms (Views: 476.2ms | ActiveRecord: 0.0ms)


Started GET "/" for 127.0.0.1 at 2019-05-08 14:04:52 -0400
Processing by KeyboardDemosController#demo1 as HTML
  Rendering keyboard_demos/demo1.html.erb within layouts/application
  Rendered keyboard_demos/demo1.html.erb within layouts/application (0.5ms)
Completed 200 OK in 274ms (Views: 272.2ms | ActiveRecord: 0.0ms)


Started GET "/" for 127.0.0.1 at 2019-05-08 14:28:56 -0400
Processing by KeyboardDemosController#demo1 as HTML
  Rendering keyboard_demos/demo1.html.erb within layouts/application
  Rendered keyboard_demos/demo1.html.erb within layouts/application (2.6ms)
Completed 200 OK in 540ms (Views: 513.0ms | ActiveRecord: 0.0ms)


Started GET "/" for 127.0.0.1 at 2019-05-08 14:43:12 -0400
Processing by KeyboardDemosController#demo1 as HTML
  Rendering keyboard_demos/demo1.html.erb within layouts/application
  Rendered keyboard_demos/demo1.html.erb within layouts/application (42.9ms)
Completed 200 OK in 880ms (Views: 802.8ms | ActiveRecord: 0.0ms)


Started GET "/" for 127.0.0.1 at 2019-05-08 14:49:03 -0400
Processing by KeyboardDemosController#demo1 as HTML
  Rendering keyboard_demos/demo1.html.erb within layouts/application
  Rendered keyboard_demos/demo1.html.erb within layouts/application (241.4ms)
Completed 200 OK in 3162ms (Views: 2951.0ms | ActiveRecord: 0.0ms)


Started GET "/" for 127.0.0.1 at 2019-05-08 14:49:07 -0400
Processing by KeyboardDemosController#demo1 as HTML
  Rendering keyboard_demos/demo1.html.erb within layouts/application
  Rendered keyboard_demos/demo1.html.erb within layouts/application (121.6ms)
Completed 200 OK in 550ms (Views: 342.5ms | ActiveRecord: 0.0ms)


Started GET "/" for 127.0.0.1 at 2019-05-08 14:50:02 -0400
Processing by KeyboardDemosController#demo1 as HTML
  Rendering keyboard_demos/demo1.html.erb within layouts/application
  Rendered keyboard_demos/demo1.html.erb within layouts/application (18.9ms)
Completed 200 OK in 695ms (Views: 661.1ms | ActiveRecord: 0.0ms)


Started GET "/" for 127.0.0.1 at 2019-05-08 14:50:10 -0400
Processing by KeyboardDemosController#demo1 as HTML
  Rendering keyboard_demos/demo1.html.erb within layouts/application
  Rendered keyboard_demos/demo1.html.erb within layouts/application (4.5ms)
Completed 200 OK in 180ms (Views: 151.8ms | ActiveRecord: 0.0ms)


Started GET "/" for 127.0.0.1 at 2019-05-08 14:51:57 -0400
Processing by KeyboardDemosController#demo1 as HTML
  Rendering keyboard_demos/demo1.html.erb within layouts/application
  Rendered keyboard_demos/demo1.html.erb within layouts/application (13.6ms)
Completed 200 OK in 451ms (Views: 317.0ms | ActiveRecord: 0.0ms)


Started GET "/" for 127.0.0.1 at 2019-05-08 14:52:23 -0400
Processing by KeyboardDemosController#demo1 as HTML
  Rendering keyboard_demos/demo1.html.erb within layouts/application
  Rendered keyboard_demos/demo1.html.erb within layouts/application (0.6ms)
Completed 200 OK in 170ms (Views: 168.0ms | ActiveRecord: 0.0ms)


Started GET "/" for 127.0.0.1 at 2019-05-08 14:54:54 -0400
Processing by KeyboardDemosController#demo1 as HTML
  Rendering keyboard_demos/demo1.html.erb within layouts/application
  Rendered keyboard_demos/demo1.html.erb within layouts/application (20.8ms)
Completed 200 OK in 557ms (Views: 547.8ms | ActiveRecord: 0.0ms)


Started GET "/" for 127.0.0.1 at 2019-05-08 14:55:34 -0400
Processing by KeyboardDemosController#demo1 as HTML
  Rendering keyboard_demos/demo1.html.erb within layouts/application
  Rendered keyboard_demos/demo1.html.erb within layouts/application (1.7ms)
Completed 200 OK in 43ms (Views: 41.3ms | ActiveRecord: 0.0ms)


Started GET "/" for 127.0.0.1 at 2019-05-08 14:56:32 -0400
Processing by KeyboardDemosController#demo1 as HTML
  Rendering keyboard_demos/demo1.html.erb within layouts/application
  Rendered keyboard_demos/demo1.html.erb within layouts/application (0.4ms)
Completed 200 OK in 681ms (Views: 677.1ms | ActiveRecord: 0.0ms)


Started GET "/" for 127.0.0.1 at 2019-05-08 14:57:50 -0400
Processing by KeyboardDemosController#demo1 as HTML
  Rendering keyboard_demos/demo1.html.erb within layouts/application
  Rendered keyboard_demos/demo1.html.erb within layouts/application (94.5ms)
Completed 200 OK in 154ms (Views: 152.3ms | ActiveRecord: 0.0ms)


Started GET "/" for 127.0.0.1 at 2019-05-08 14:59:01 -0400
Processing by KeyboardDemosController#demo1 as HTML
  Rendering keyboard_demos/demo1.html.erb within layouts/application
  Rendered keyboard_demos/demo1.html.erb within layouts/application (123.9ms)
Completed 200 OK in 287ms (Views: 284.4ms | ActiveRecord: 0.0ms)


Started GET "/" for 127.0.0.1 at 2019-05-08 15:00:12 -0400
Processing by KeyboardDemosController#demo1 as HTML
  Rendering keyboard_demos/demo1.html.erb within layouts/application
  Rendered keyboard_demos/demo1.html.erb within layouts/application (103.5ms)
Completed 200 OK in 255ms (Views: 253.9ms | ActiveRecord: 0.0ms)


Started GET "/" for 127.0.0.1 at 2019-05-08 15:01:07 -0400
Processing by KeyboardDemosController#demo1 as HTML
  Rendering keyboard_demos/demo1.html.erb within layouts/application
  Rendered keyboard_demos/demo1.html.erb within layouts/application (0.4ms)
Completed 200 OK in 472ms (Views: 470.3ms | ActiveRecord: 0.0ms)


Started GET "/" for 127.0.0.1 at 2019-05-08 15:01:46 -0400
Processing by KeyboardDemosController#demo1 as HTML
  Rendering keyboard_demos/demo1.html.erb within layouts/application
  Rendered keyboard_demos/demo1.html.erb within layouts/application (0.5ms)
Completed 200 OK in 125ms (Views: 123.6ms | ActiveRecord: 0.0ms)


Started GET "/" for 127.0.0.1 at 2019-05-08 15:02:06 -0400
Processing by KeyboardDemosController#demo1 as HTML
  Rendering keyboard_demos/demo1.html.erb within layouts/application
  Rendered keyboard_demos/demo1.html.erb within layouts/application (214.9ms)
Completed 200 OK in 496ms (Views: 494.0ms | ActiveRecord: 0.0ms)


Started GET "/" for 127.0.0.1 at 2019-05-08 15:02:57 -0400
Processing by KeyboardDemosController#demo1 as HTML
  Rendering keyboard_demos/demo1.html.erb within layouts/application
  Rendered keyboard_demos/demo1.html.erb within layouts/application (203.2ms)
Completed 200 OK in 406ms (Views: 404.9ms | ActiveRecord: 0.0ms)


Started GET "/" for 127.0.0.1 at 2019-05-08 15:04:49 -0400
Processing by KeyboardDemosController#demo1 as HTML
  Rendering keyboard_demos/demo1.html.erb within layouts/application
  Rendered keyboard_demos/demo1.html.erb within layouts/application (0.5ms)
Completed 200 OK in 176ms (Views: 124.0ms | ActiveRecord: 0.0ms)


Started GET "/" for 127.0.0.1 at 2019-05-08 15:05:14 -0400
Processing by KeyboardDemosController#demo1 as HTML
  Rendering keyboard_demos/demo1.html.erb within layouts/application
  Rendered keyboard_demos/demo1.html.erb within layouts/application (0.8ms)
Completed 200 OK in 214ms (Views: 212.3ms | ActiveRecord: 0.0ms)


Started GET "/" for 127.0.0.1 at 2019-05-08 15:05:38 -0400
Processing by KeyboardDemosController#demo1 as HTML
  Rendering keyboard_demos/demo1.html.erb within layouts/application
  Rendered keyboard_demos/demo1.html.erb within layouts/application (0.6ms)
Completed 200 OK in 39ms (Views: 37.2ms | ActiveRecord: 0.0ms)


Started GET "/" for 127.0.0.1 at 2019-05-08 15:06:05 -0400
Processing by KeyboardDemosController#demo1 as HTML
  Rendering keyboard_demos/demo1.html.erb within layouts/application
  Rendered keyboard_demos/demo1.html.erb within layouts/application (143.2ms)
Completed 200 OK in 946ms (Views: 945.1ms | ActiveRecord: 0.0ms)


Started GET "/" for 127.0.0.1 at 2019-05-08 17:22:27 -0400
Processing by KeyboardDemosController#demo1 as HTML
  Rendering keyboard_demos/demo1.html.erb within layouts/application
  Rendered keyboard_demos/demo1.html.erb within layouts/application (108.8ms)
Completed 200 OK in 4940ms (Views: 4886.2ms | ActiveRecord: 0.0ms)


Started GET "/" for 127.0.0.1 at 2019-05-10 01:01:14 -0400
Processing by KeyboardDemosController#demo1 as HTML
  Rendering keyboard_demos/demo1.html.erb within layouts/application
  Rendered keyboard_demos/demo1.html.erb within layouts/application (3.1ms)
Completed 200 OK in 2629ms (Views: 2515.0ms | ActiveRecord: 0.0ms)


Started GET "/" for 127.0.0.1 at 2019-05-10 01:07:48 -0400
Processing by KeyboardDemosController#demo1 as HTML
  Rendering keyboard_demos/demo1.html.erb within layouts/application
  Rendered keyboard_demos/demo1.html.erb within layouts/application (0.6ms)
Completed 200 OK in 134ms (Views: 132.6ms | ActiveRecord: 0.0ms)


Started GET "/" for 127.0.0.1 at 2019-05-10 01:08:57 -0400
Processing by KeyboardDemosController#demo1 as HTML
  Rendering keyboard_demos/demo1.html.erb within layouts/application
  Rendered keyboard_demos/demo1.html.erb within layouts/application (0.5ms)
Completed 200 OK in 107ms (Views: 105.3ms | ActiveRecord: 0.0ms)


Started GET "/" for 127.0.0.1 at 2019-05-10 01:10:54 -0400
Processing by KeyboardDemosController#demo1 as HTML
  Rendering keyboard_demos/demo1.html.erb within layouts/application
  Rendered keyboard_demos/demo1.html.erb within layouts/application (0.7ms)
Completed 200 OK in 172ms (Views: 170.2ms | ActiveRecord: 0.0ms)


Started GET "/" for 127.0.0.1 at 2019-05-10 01:11:39 -0400
Processing by KeyboardDemosController#demo1 as HTML
  Rendering keyboard_demos/demo1.html.erb within layouts/application
  Rendered keyboard_demos/demo1.html.erb within layouts/application (1.0ms)
Completed 200 OK in 234ms (Views: 232.8ms | ActiveRecord: 0.0ms)


Started GET "/" for 127.0.0.1 at 2019-05-10 01:12:20 -0400
Processing by KeyboardDemosController#demo1 as HTML
  Rendering keyboard_demos/demo1.html.erb within layouts/application
  Rendered keyboard_demos/demo1.html.erb within layouts/application (11.3ms)
Completed 200 OK in 151ms (Views: 148.7ms | ActiveRecord: 0.0ms)


Started GET "/" for 127.0.0.1 at 2019-05-10 01:12:59 -0400
Processing by KeyboardDemosController#demo1 as HTML
  Rendering keyboard_demos/demo1.html.erb within layouts/application
  Rendered keyboard_demos/demo1.html.erb within layouts/application (0.6ms)
Completed 200 OK in 521ms (Views: 505.1ms | ActiveRecord: 0.0ms)


Started GET "/" for 127.0.0.1 at 2019-05-10 01:13:24 -0400
Processing by KeyboardDemosController#demo1 as HTML
  Rendering keyboard_demos/demo1.html.erb within layouts/application
  Rendered keyboard_demos/demo1.html.erb within layouts/application (0.4ms)
Completed 200 OK in 124ms (Views: 122.1ms | ActiveRecord: 0.0ms)


Started GET "/" for 127.0.0.1 at 2019-05-10 01:13:45 -0400
Processing by KeyboardDemosController#demo1 as HTML
  Rendering keyboard_demos/demo1.html.erb within layouts/application
  Rendered keyboard_demos/demo1.html.erb within layouts/application (0.6ms)
Completed 200 OK in 150ms (Views: 148.2ms | ActiveRecord: 0.0ms)


Started GET "/" for 127.0.0.1 at 2019-05-10 01:14:35 -0400
Processing by KeyboardDemosController#demo1 as HTML
  Rendering keyboard_demos/demo1.html.erb within layouts/application
  Rendered keyboard_demos/demo1.html.erb within layouts/application (0.5ms)
Completed 200 OK in 137ms (Views: 135.3ms | ActiveRecord: 0.0ms)


Started GET "/" for 127.0.0.1 at 2019-05-10 01:16:54 -0400
Processing by KeyboardDemosController#demo1 as HTML
  Rendering keyboard_demos/demo1.html.erb within layouts/application
  Rendered keyboard_demos/demo1.html.erb within layouts/application (1.2ms)
Completed 200 OK in 44ms (Views: 41.9ms | ActiveRecord: 0.0ms)


Started GET "/" for 127.0.0.1 at 2019-05-10 01:25:18 -0400
Processing by KeyboardDemosController#demo1 as HTML
  Rendering keyboard_demos/demo1.html.erb within layouts/application
  Rendered keyboard_demos/demo1.html.erb within layouts/application (1.0ms)
Completed 200 OK in 1068ms (Views: 964.1ms | ActiveRecord: 0.0ms)


Started GET "/" for 127.0.0.1 at 2019-05-10 01:27:38 -0400
Processing by KeyboardDemosController#demo1 as HTML
  Rendering keyboard_demos/demo1.html.erb within layouts/application
  Rendered keyboard_demos/demo1.html.erb within layouts/application (0.8ms)
Completed 200 OK in 313ms (Views: 311.6ms | ActiveRecord: 0.0ms)


Started GET "/" for 127.0.0.1 at 2019-05-10 01:29:24 -0400
Processing by KeyboardDemosController#demo1 as HTML
  Rendering keyboard_demos/demo1.html.erb within layouts/application
  Rendered keyboard_demos/demo1.html.erb within layouts/application (0.5ms)
Completed 200 OK in 64ms (Views: 62.6ms | ActiveRecord: 0.0ms)


Started GET "/" for 127.0.0.1 at 2019-05-10 01:30:06 -0400
Processing by KeyboardDemosController#demo1 as HTML
  Rendering keyboard_demos/demo1.html.erb within layouts/application
  Rendered keyboard_demos/demo1.html.erb within layouts/application (0.5ms)
Completed 200 OK in 224ms (Views: 222.8ms | ActiveRecord: 0.0ms)


Started GET "/" for 127.0.0.1 at 2019-05-10 01:31:17 -0400
Processing by KeyboardDemosController#demo1 as HTML
  Rendering keyboard_demos/demo1.html.erb within layouts/application
  Rendered keyboard_demos/demo1.html.erb within layouts/application (5.0ms)
Completed 200 OK in 111ms (Views: 109.5ms | ActiveRecord: 0.0ms)


Started GET "/" for 127.0.0.1 at 2019-05-10 01:35:43 -0400
Processing by KeyboardDemosController#demo1 as HTML
  Rendering keyboard_demos/demo1.html.erb within layouts/application
  Rendered keyboard_demos/demo1.html.erb within layouts/application (3.3ms)
Completed 200 OK in 152ms (Views: 150.8ms | ActiveRecord: 0.0ms)


Started GET "/" for 127.0.0.1 at 2019-05-10 01:36:20 -0400
Processing by KeyboardDemosController#demo1 as HTML
  Rendering keyboard_demos/demo1.html.erb within layouts/application
  Rendered keyboard_demos/demo1.html.erb within layouts/application (0.6ms)
Completed 200 OK in 211ms (Views: 209.7ms | ActiveRecord: 0.0ms)


Started GET "/" for 127.0.0.1 at 2019-05-10 01:42:26 -0400
Processing by KeyboardDemosController#demo1 as HTML
  Rendering keyboard_demos/demo1.html.erb within layouts/application
  Rendered keyboard_demos/demo1.html.erb within layouts/application (0.6ms)
Completed 200 OK in 219ms (Views: 216.8ms | ActiveRecord: 0.0ms)


Started GET "/" for 127.0.0.1 at 2019-05-10 01:54:52 -0400
Processing by KeyboardDemosController#demo1 as HTML
  Rendering keyboard_demos/demo1.html.erb within layouts/application
  Rendered keyboard_demos/demo1.html.erb within layouts/application (3.8ms)
Completed 200 OK in 1328ms (Views: 1189.7ms | ActiveRecord: 0.0ms)


Started GET "/" for 127.0.0.1 at 2019-05-10 02:04:25 -0400
Processing by KeyboardDemosController#demo1 as HTML
  Rendering keyboard_demos/demo1.html.erb within layouts/application
  Rendered keyboard_demos/demo1.html.erb within layouts/application (0.5ms)
Completed 200 OK in 214ms (Views: 212.6ms | ActiveRecord: 0.0ms)


Started GET "/" for 127.0.0.1 at 2019-05-10 02:05:40 -0400
Processing by KeyboardDemosController#demo1 as HTML
  Rendering keyboard_demos/demo1.html.erb within layouts/application
  Rendered keyboard_demos/demo1.html.erb within layouts/application (0.5ms)
Completed 200 OK in 156ms (Views: 154.9ms | ActiveRecord: 0.0ms)


Started GET "/" for 127.0.0.1 at 2019-05-10 02:16:30 -0400
Processing by KeyboardDemosController#demo1 as HTML
  Rendering keyboard_demos/demo1.html.erb within layouts/application
  Rendered keyboard_demos/demo1.html.erb within layouts/application (8.3ms)
Completed 200 OK in 1294ms (Views: 926.9ms | ActiveRecord: 0.0ms)


Started GET "/" for 127.0.0.1 at 2019-05-10 02:17:41 -0400
Processing by KeyboardDemosController#demo1 as HTML
  Rendering keyboard_demos/demo1.html.erb within layouts/application
  Rendered keyboard_demos/demo1.html.erb within layouts/application (0.4ms)
Completed 200 OK in 231ms (Views: 230.0ms | ActiveRecord: 0.0ms)


Started GET "/" for 127.0.0.1 at 2019-05-10 02:18:54 -0400
Processing by KeyboardDemosController#demo1 as HTML
  Rendering keyboard_demos/demo1.html.erb within layouts/application
  Rendered keyboard_demos/demo1.html.erb within layouts/application (0.5ms)
Completed 200 OK in 129ms (Views: 127.9ms | ActiveRecord: 0.0ms)


Started GET "/" for 127.0.0.1 at 2019-05-10 02:21:55 -0400
Processing by KeyboardDemosController#demo1 as HTML
  Rendering keyboard_demos/demo1.html.erb within layouts/application
  Rendered keyboard_demos/demo1.html.erb within layouts/application (0.5ms)
Completed 200 OK in 277ms (Views: 275.6ms | ActiveRecord: 0.0ms)


Started GET "/" for 127.0.0.1 at 2019-05-10 02:23:15 -0400
Processing by KeyboardDemosController#demo1 as HTML
  Rendering keyboard_demos/demo1.html.erb within layouts/application
  Rendered keyboard_demos/demo1.html.erb within layouts/application (0.6ms)
Completed 200 OK in 129ms (Views: 127.9ms | ActiveRecord: 0.0ms)


Started GET "/" for 127.0.0.1 at 2019-05-10 02:24:51 -0400
Processing by KeyboardDemosController#demo1 as HTML
  Rendering keyboard_demos/demo1.html.erb within layouts/application
  Rendered keyboard_demos/demo1.html.erb within layouts/application (0.5ms)
Completed 200 OK in 32ms (Views: 30.1ms | ActiveRecord: 0.0ms)


Started GET "/" for 127.0.0.1 at 2019-05-10 02:25:56 -0400
Processing by KeyboardDemosController#demo1 as HTML
  Rendering keyboard_demos/demo1.html.erb within layouts/application
  Rendered keyboard_demos/demo1.html.erb within layouts/application (0.6ms)
Completed 200 OK in 149ms (Views: 147.5ms | ActiveRecord: 0.0ms)


Started GET "/" for 127.0.0.1 at 2019-05-10 02:27:00 -0400
Processing by KeyboardDemosController#demo1 as HTML
  Rendering keyboard_demos/demo1.html.erb within layouts/application
  Rendered keyboard_demos/demo1.html.erb within layouts/application (0.7ms)
Completed 200 OK in 226ms (Views: 224.1ms | ActiveRecord: 0.0ms)


Started GET "/" for 127.0.0.1 at 2019-05-10 02:28:56 -0400
Processing by KeyboardDemosController#demo1 as HTML
  Rendering keyboard_demos/demo1.html.erb within layouts/application
  Rendered keyboard_demos/demo1.html.erb within layouts/application (0.5ms)
Completed 200 OK in 227ms (Views: 225.6ms | ActiveRecord: 0.0ms)


Started GET "/" for 127.0.0.1 at 2019-05-10 02:30:19 -0400
Processing by KeyboardDemosController#demo1 as HTML
  Rendering keyboard_demos/demo1.html.erb within layouts/application
  Rendered keyboard_demos/demo1.html.erb within layouts/application (0.5ms)
Completed 200 OK in 214ms (Views: 212.3ms | ActiveRecord: 0.0ms)


Started GET "/" for 127.0.0.1 at 2019-05-10 02:35:16 -0400
Processing by KeyboardDemosController#demo1 as HTML
  Rendering keyboard_demos/demo1.html.erb within layouts/application
  Rendered keyboard_demos/demo1.html.erb within layouts/application (0.9ms)
Completed 200 OK in 231ms (Views: 205.0ms | ActiveRecord: 0.0ms)


Started GET "/" for 127.0.0.1 at 2019-05-10 02:35:23 -0400
Processing by KeyboardDemosController#demo1 as HTML
  Rendering keyboard_demos/demo1.html.erb within layouts/application
  Rendered keyboard_demos/demo1.html.erb within layouts/application (0.7ms)
Completed 200 OK in 57ms (Views: 55.4ms | ActiveRecord: 0.0ms)


Started GET "/" for 127.0.0.1 at 2019-05-10 02:35:57 -0400
Processing by KeyboardDemosController#demo1 as HTML
  Rendering keyboard_demos/demo1.html.erb within layouts/application
  Rendered keyboard_demos/demo1.html.erb within layouts/application (0.5ms)
Completed 200 OK in 137ms (Views: 135.3ms | ActiveRecord: 0.0ms)


Started GET "/" for 127.0.0.1 at 2019-05-10 02:37:21 -0400
Processing by KeyboardDemosController#demo1 as HTML
  Rendering keyboard_demos/demo1.html.erb within layouts/application
  Rendered keyboard_demos/demo1.html.erb within layouts/application (0.8ms)
Completed 200 OK in 238ms (Views: 236.8ms | ActiveRecord: 0.0ms)


Started GET "/" for 127.0.0.1 at 2019-05-10 02:38:22 -0400
Processing by KeyboardDemosController#demo1 as HTML
  Rendering keyboard_demos/demo1.html.erb within layouts/application
  Rendered keyboard_demos/demo1.html.erb within layouts/application (0.5ms)
Completed 200 OK in 58ms (Views: 55.8ms | ActiveRecord: 0.0ms)


Started GET "/" for 127.0.0.1 at 2019-05-10 02:38:46 -0400
Processing by KeyboardDemosController#demo1 as HTML
  Rendering keyboard_demos/demo1.html.erb within layouts/application
  Rendered keyboard_demos/demo1.html.erb within layouts/application (0.6ms)
Completed 200 OK in 119ms (Views: 117.9ms | ActiveRecord: 0.0ms)


Started GET "/" for 127.0.0.1 at 2019-05-10 02:40:52 -0400
Processing by KeyboardDemosController#demo1 as HTML
  Rendering keyboard_demos/demo1.html.erb within layouts/application
  Rendered keyboard_demos/demo1.html.erb within layouts/application (0.8ms)
Completed 200 OK in 280ms (Views: 278.3ms | ActiveRecord: 0.0ms)


Started GET "/" for 127.0.0.1 at 2019-05-10 02:42:07 -0400
Processing by KeyboardDemosController#demo1 as HTML
  Rendering keyboard_demos/demo1.html.erb within layouts/application
  Rendered keyboard_demos/demo1.html.erb within layouts/application (0.6ms)
Completed 200 OK in 125ms (Views: 123.1ms | ActiveRecord: 0.0ms)


Started GET "/" for 127.0.0.1 at 2019-05-10 02:44:53 -0400
Processing by KeyboardDemosController#demo1 as HTML
  Rendering keyboard_demos/demo1.html.erb within layouts/application
  Rendered keyboard_demos/demo1.html.erb within layouts/application (1.2ms)
Completed 200 OK in 968ms (Views: 891.0ms | ActiveRecord: 0.0ms)


Started GET "/" for 127.0.0.1 at 2019-05-10 02:44:58 -0400
Processing by KeyboardDemosController#demo1 as HTML
  Rendering keyboard_demos/demo1.html.erb within layouts/application
  Rendered keyboard_demos/demo1.html.erb within layouts/application (0.7ms)
Completed 200 OK in 71ms (Views: 69.1ms | ActiveRecord: 0.0ms)


Started GET "/" for 127.0.0.1 at 2019-05-10 02:45:23 -0400
Processing by KeyboardDemosController#demo1 as HTML
  Rendering keyboard_demos/demo1.html.erb within layouts/application
  Rendered keyboard_demos/demo1.html.erb within layouts/application (0.4ms)
Completed 200 OK in 282ms (Views: 280.5ms | ActiveRecord: 0.0ms)


Started GET "/" for 127.0.0.1 at 2019-05-10 02:45:35 -0400
Processing by KeyboardDemosController#demo1 as HTML
  Rendering keyboard_demos/demo1.html.erb within layouts/application
  Rendered keyboard_demos/demo1.html.erb within layouts/application (0.7ms)
Completed 200 OK in 56ms (Views: 53.3ms | ActiveRecord: 0.0ms)


Started GET "/" for 127.0.0.1 at 2019-05-10 02:46:25 -0400
Processing by KeyboardDemosController#demo1 as HTML
  Rendering keyboard_demos/demo1.html.erb within layouts/application
  Rendered keyboard_demos/demo1.html.erb within layouts/application (1.9ms)
Completed 200 OK in 154ms (Views: 152.4ms | ActiveRecord: 0.0ms)


Started GET "/" for 127.0.0.1 at 2019-05-10 02:49:50 -0400
Processing by KeyboardDemosController#demo1 as HTML
  Rendering keyboard_demos/demo1.html.erb within layouts/application
  Rendered keyboard_demos/demo1.html.erb within layouts/application (2.4ms)
Completed 200 OK in 1277ms (Views: 1173.8ms | ActiveRecord: 0.0ms)


Started GET "/" for 127.0.0.1 at 2019-05-10 02:51:13 -0400
Processing by KeyboardDemosController#demo1 as HTML
  Rendering keyboard_demos/demo1.html.erb within layouts/application
  Rendered keyboard_demos/demo1.html.erb within layouts/application (0.6ms)
Completed 200 OK in 324ms (Views: 321.9ms | ActiveRecord: 0.0ms)


Started GET "/" for 127.0.0.1 at 2019-05-10 02:52:21 -0400
Processing by KeyboardDemosController#demo1 as HTML
  Rendering keyboard_demos/demo1.html.erb within layouts/application
  Rendered keyboard_demos/demo1.html.erb within layouts/application (1.1ms)
Completed 200 OK in 297ms (Views: 295.5ms | ActiveRecord: 0.0ms)


Started GET "/" for 127.0.0.1 at 2019-05-10 02:53:38 -0400
Processing by KeyboardDemosController#demo1 as HTML
  Rendering keyboard_demos/demo1.html.erb within layouts/application
  Rendered keyboard_demos/demo1.html.erb within layouts/application (0.9ms)
Completed 200 OK in 216ms (Views: 214.6ms | ActiveRecord: 0.0ms)


Started GET "/" for 127.0.0.1 at 2019-05-10 02:55:23 -0400
Processing by KeyboardDemosController#demo1 as HTML
  Rendering keyboard_demos/demo1.html.erb within layouts/application
  Rendered keyboard_demos/demo1.html.erb within layouts/application (0.5ms)
Completed 200 OK in 150ms (Views: 148.5ms | ActiveRecord: 0.0ms)


Started GET "/" for 127.0.0.1 at 2019-05-10 02:55:53 -0400
Processing by KeyboardDemosController#demo1 as HTML
  Rendering keyboard_demos/demo1.html.erb within layouts/application
  Rendered keyboard_demos/demo1.html.erb within layouts/application (0.9ms)
Completed 200 OK in 353ms (Views: 351.4ms | ActiveRecord: 0.0ms)


